<?xml version="1.0" encoding="UTF-8"?>
<!-- Generated by org.testng.reporters.JUnitReportReporter -->
<testsuite hostname="DESKTOP-7PTRHU1" failures="0" tests="4" name="project_name.tests.Senario2NameTest" time="0.006" errors="0" timestamp="2022-11-05T12:53:16 IST" skipped="0">
  <testcase classname="project_name.tests.Senario2NameTest" name="test2" time="0.001"/>
  <system-out/>
  <testcase classname="project_name.tests.Senario2NameTest" name="test3" time="0.002"/>
  <system-out/>
  <testcase classname="project_name.tests.Senario2NameTest" name="test1" time="0.001"/>
  <system-out/>
  <testcase classname="project_name.tests.Senario2NameTest" name="test" time="0.002"/>
  <system-out/>
</testsuite> <!-- project_name.tests.Senario2NameTest -->
